AH00112: Warning: DocumentRoot [/var/www/html/public] does not exist
AH00558: apache2: Could not reliably determine the server's fully qualified domain name, using 172.21.0.2. Set the 'ServerName' directive globally to suppress this message
AH00112: Warning: DocumentRoot [/var/www/html/public] does not exist
AH00558: apache2: Could not reliably determine the server's fully qualified domain name, using 172.21.0.2. Set the 'ServerName' directive globally to suppress this message
PHP Warning:  PHP Startup: Unable to load dynamic library 'apcu.so COPY src/php/php.ini /usr/local/etc/php/php.ini' (tried: apcu.so COPY src/php/php.ini /usr/local/etc/php/php.ini (apcu.so COPY src/php/php.ini /usr/local/etc/php/php.ini: cannot open shared object file: No such file or directory), /usr/local/lib/php/extensions/no-debug-non-zts-20190902/apcu.so COPY src/php/php.ini /usr/local/etc/php/php.ini.so (/usr/local/lib/php/extensions/no-debug-non-zts-20190902/apcu.so COPY src/php/php.ini /usr/local/etc/php/php.ini.so: cannot open shared object file: No such file or directory)) in Unknown on line 0
[Thu Sep 02 11:29:19.302463 2021] [mpm_prefork:notice] [pid 16] AH00163: Apache/2.4.48 (Debian) PHP/7.4.23 configured -- resuming normal operations
[Thu Sep 02 11:29:19.302510 2021] [core:notice] [pid 16] AH00094: Command line: 'apache2 -D FOREGROUND'
AH00112: Warning: DocumentRoot [/var/www/html/public] does not exist
AH00558: apache2: Could not reliably determine the server's fully qualified domain name, using 172.19.0.4. Set the 'ServerName' directive globally to suppress this message
AH00112: Warning: DocumentRoot [/var/www/html/public] does not exist
AH00558: apache2: Could not reliably determine the server's fully qualified domain name, using 172.19.0.4. Set the 'ServerName' directive globally to suppress this message
PHP Warning:  PHP Startup: Unable to load dynamic library 'apcu.so COPY src/php/php.ini /usr/local/etc/php/php.ini' (tried: apcu.so COPY src/php/php.ini /usr/local/etc/php/php.ini (apcu.so COPY src/php/php.ini /usr/local/etc/php/php.ini: cannot open shared object file: No such file or directory), /usr/local/lib/php/extensions/no-debug-non-zts-20190902/apcu.so COPY src/php/php.ini /usr/local/etc/php/php.ini.so (/usr/local/lib/php/extensions/no-debug-non-zts-20190902/apcu.so COPY src/php/php.ini /usr/local/etc/php/php.ini.so: cannot open shared object file: No such file or directory)) in Unknown on line 0
[Thu Sep 02 11:30:36.116027 2021] [mpm_prefork:notice] [pid 17] AH00163: Apache/2.4.48 (Debian) PHP/7.4.23 configured -- resuming normal operations
[Thu Sep 02 11:30:36.116081 2021] [core:notice] [pid 17] AH00094: Command line: 'apache2 -D FOREGROUND'
AH00558: apache2: Could not reliably determine the server's fully qualified domain name, using 172.18.0.3. Set the 'ServerName' directive globally to suppress this message
AH00558: apache2: Could not reliably determine the server's fully qualified domain name, using 172.18.0.3. Set the 'ServerName' directive globally to suppress this message
PHP Warning:  PHP Startup: Unable to load dynamic library 'apcu.so COPY src/php/php.ini /usr/local/etc/php/php.ini' (tried: apcu.so COPY src/php/php.ini /usr/local/etc/php/php.ini (apcu.so COPY src/php/php.ini /usr/local/etc/php/php.ini: cannot open shared object file: No such file or directory), /usr/local/lib/php/extensions/no-debug-non-zts-20190902/apcu.so COPY src/php/php.ini /usr/local/etc/php/php.ini.so (/usr/local/lib/php/extensions/no-debug-non-zts-20190902/apcu.so COPY src/php/php.ini /usr/local/etc/php/php.ini.so: cannot open shared object file: No such file or directory)) in Unknown on line 0
[Thu Sep 02 11:35:22.028518 2021] [mpm_prefork:notice] [pid 16] AH00163: Apache/2.4.48 (Debian) PHP/7.4.23 configured -- resuming normal operations
[Thu Sep 02 11:35:22.028572 2021] [core:notice] [pid 16] AH00094: Command line: 'apache2 -D FOREGROUND'
AH00558: apache2: Could not reliably determine the server's fully qualified domain name, using 172.20.0.3. Set the 'ServerName' directive globally to suppress this message
AH00558: apache2: Could not reliably determine the server's fully qualified domain name, using 172.20.0.3. Set the 'ServerName' directive globally to suppress this message
PHP Warning:  PHP Startup: Unable to load dynamic library 'apcu.so COPY src/php/php.ini /usr/local/etc/php/php.ini' (tried: apcu.so COPY src/php/php.ini /usr/local/etc/php/php.ini (apcu.so COPY src/php/php.ini /usr/local/etc/php/php.ini: cannot open shared object file: No such file or directory), /usr/local/lib/php/extensions/no-debug-non-zts-20190902/apcu.so COPY src/php/php.ini /usr/local/etc/php/php.ini.so (/usr/local/lib/php/extensions/no-debug-non-zts-20190902/apcu.so COPY src/php/php.ini /usr/local/etc/php/php.ini.so: cannot open shared object file: No such file or directory)) in Unknown on line 0
[Thu Sep 02 12:41:45.526148 2021] [mpm_prefork:notice] [pid 15] AH00163: Apache/2.4.48 (Debian) PHP/7.4.23 configured -- resuming normal operations
[Thu Sep 02 12:41:45.526211 2021] [core:notice] [pid 15] AH00094: Command line: 'apache2 -D FOREGROUND'
AH00558: apache2: Could not reliably determine the server's fully qualified domain name, using 172.18.0.2. Set the 'ServerName' directive globally to suppress this message
AH00558: apache2: Could not reliably determine the server's fully qualified domain name, using 172.18.0.2. Set the 'ServerName' directive globally to suppress this message
PHP Warning:  PHP Startup: Unable to load dynamic library 'apcu.so COPY src/php/php.ini /usr/local/etc/php/php.ini' (tried: apcu.so COPY src/php/php.ini /usr/local/etc/php/php.ini (apcu.so COPY src/php/php.ini /usr/local/etc/php/php.ini: cannot open shared object file: No such file or directory), /usr/local/lib/php/extensions/no-debug-non-zts-20190902/apcu.so COPY src/php/php.ini /usr/local/etc/php/php.ini.so (/usr/local/lib/php/extensions/no-debug-non-zts-20190902/apcu.so COPY src/php/php.ini /usr/local/etc/php/php.ini.so: cannot open shared object file: No such file or directory)) in Unknown on line 0
[Fri Sep 03 11:24:30.417168 2021] [mpm_prefork:notice] [pid 15] AH00163: Apache/2.4.48 (Debian) PHP/7.4.23 configured -- resuming normal operations
[Fri Sep 03 11:24:30.417507 2021] [core:notice] [pid 15] AH00094: Command line: 'apache2 -D FOREGROUND'
AH00558: apache2: Could not reliably determine the server's fully qualified domain name, using 172.18.0.3. Set the 'ServerName' directive globally to suppress this message
AH00558: apache2: Could not reliably determine the server's fully qualified domain name, using 172.18.0.3. Set the 'ServerName' directive globally to suppress this message
PHP Warning:  PHP Startup: Unable to load dynamic library 'apcu.so COPY src/php/php.ini /usr/local/etc/php/php.ini' (tried: apcu.so COPY src/php/php.ini /usr/local/etc/php/php.ini (apcu.so COPY src/php/php.ini /usr/local/etc/php/php.ini: cannot open shared object file: No such file or directory), /usr/local/lib/php/extensions/no-debug-non-zts-20190902/apcu.so COPY src/php/php.ini /usr/local/etc/php/php.ini.so (/usr/local/lib/php/extensions/no-debug-non-zts-20190902/apcu.so COPY src/php/php.ini /usr/local/etc/php/php.ini.so: cannot open shared object file: No such file or directory)) in Unknown on line 0
[Mon Sep 06 06:33:30.650335 2021] [mpm_prefork:notice] [pid 15] AH00163: Apache/2.4.48 (Debian) PHP/7.4.23 configured -- resuming normal operations
[Mon Sep 06 06:33:30.650619 2021] [core:notice] [pid 15] AH00094: Command line: 'apache2 -D FOREGROUND'
AH00558: apache2: Could not reliably determine the server's fully qualified domain name, using 172.18.0.4. Set the 'ServerName' directive globally to suppress this message
AH00558: apache2: Could not reliably determine the server's fully qualified domain name, using 172.18.0.4. Set the 'ServerName' directive globally to suppress this message
PHP Warning:  PHP Startup: Unable to load dynamic library 'apcu.so COPY src/php/php.ini /usr/local/etc/php/php.ini' (tried: apcu.so COPY src/php/php.ini /usr/local/etc/php/php.ini (apcu.so COPY src/php/php.ini /usr/local/etc/php/php.ini: cannot open shared object file: No such file or directory), /usr/local/lib/php/extensions/no-debug-non-zts-20190902/apcu.so COPY src/php/php.ini /usr/local/etc/php/php.ini.so (/usr/local/lib/php/extensions/no-debug-non-zts-20190902/apcu.so COPY src/php/php.ini /usr/local/etc/php/php.ini.so: cannot open shared object file: No such file or directory)) in Unknown on line 0
[Tue Sep 07 07:51:37.313612 2021] [mpm_prefork:notice] [pid 15] AH00163: Apache/2.4.48 (Debian) PHP/7.4.23 configured -- resuming normal operations
[Tue Sep 07 07:51:37.313679 2021] [core:notice] [pid 15] AH00094: Command line: 'apache2 -D FOREGROUND'
[Tue Sep 07 08:30:36.558188 2021] [php7:error] [pid 31] [client 172.18.0.2:36354] script '/var/www/html/public/welcome.php' not found or unable to stat, referer: http://phpdev.localhost/
AH00558: apache2: Could not reliably determine the server's fully qualified domain name, using 172.19.0.3. Set the 'ServerName' directive globally to suppress this message
AH00558: apache2: Could not reliably determine the server's fully qualified domain name, using 172.19.0.3. Set the 'ServerName' directive globally to suppress this message
PHP Warning:  PHP Startup: Unable to load dynamic library 'apcu.so COPY src/php/php.ini /usr/local/etc/php/php.ini' (tried: apcu.so COPY src/php/php.ini /usr/local/etc/php/php.ini (apcu.so COPY src/php/php.ini /usr/local/etc/php/php.ini: cannot open shared object file: No such file or directory), /usr/local/lib/php/extensions/no-debug-non-zts-20190902/apcu.so COPY src/php/php.ini /usr/local/etc/php/php.ini.so (/usr/local/lib/php/extensions/no-debug-non-zts-20190902/apcu.so COPY src/php/php.ini /usr/local/etc/php/php.ini.so: cannot open shared object file: No such file or directory)) in Unknown on line 0
[Thu Sep 09 06:40:49.908781 2021] [mpm_prefork:notice] [pid 15] AH00163: Apache/2.4.48 (Debian) PHP/7.4.23 configured -- resuming normal operations
[Thu Sep 09 06:40:49.909114 2021] [core:notice] [pid 15] AH00094: Command line: 'apache2 -D FOREGROUND'
AH00558: apache2: Could not reliably determine the server's fully qualified domain name, using 172.19.0.3. Set the 'ServerName' directive globally to suppress this message
AH00558: apache2: Could not reliably determine the server's fully qualified domain name, using 172.19.0.3. Set the 'ServerName' directive globally to suppress this message
PHP Warning:  PHP Startup: Unable to load dynamic library 'apcu.so COPY src/php/php.ini /usr/local/etc/php/php.ini' (tried: apcu.so COPY src/php/php.ini /usr/local/etc/php/php.ini (apcu.so COPY src/php/php.ini /usr/local/etc/php/php.ini: cannot open shared object file: No such file or directory), /usr/local/lib/php/extensions/no-debug-non-zts-20190902/apcu.so COPY src/php/php.ini /usr/local/etc/php/php.ini.so (/usr/local/lib/php/extensions/no-debug-non-zts-20190902/apcu.so COPY src/php/php.ini /usr/local/etc/php/php.ini.so: cannot open shared object file: No such file or directory)) in Unknown on line 0
[Thu Sep 09 12:19:44.749676 2021] [mpm_prefork:notice] [pid 16] AH00163: Apache/2.4.48 (Debian) PHP/7.4.23 configured -- resuming normal operations
[Thu Sep 09 12:19:44.749777 2021] [core:notice] [pid 16] AH00094: Command line: 'apache2 -D FOREGROUND'
AH00558: apache2: Could not reliably determine the server's fully qualified domain name, using 172.19.0.3. Set the 'ServerName' directive globally to suppress this message
AH00558: apache2: Could not reliably determine the server's fully qualified domain name, using 172.19.0.3. Set the 'ServerName' directive globally to suppress this message
PHP Warning:  PHP Startup: Unable to load dynamic library 'apcu.so COPY src/php/php.ini /usr/local/etc/php/php.ini' (tried: apcu.so COPY src/php/php.ini /usr/local/etc/php/php.ini (apcu.so COPY src/php/php.ini /usr/local/etc/php/php.ini: cannot open shared object file: No such file or directory), /usr/local/lib/php/extensions/no-debug-non-zts-20190902/apcu.so COPY src/php/php.ini /usr/local/etc/php/php.ini.so (/usr/local/lib/php/extensions/no-debug-non-zts-20190902/apcu.so COPY src/php/php.ini /usr/local/etc/php/php.ini.so: cannot open shared object file: No such file or directory)) in Unknown on line 0
[Fri Sep 10 06:37:56.818069 2021] [mpm_prefork:notice] [pid 14] AH00163: Apache/2.4.48 (Debian) PHP/7.4.23 configured -- resuming normal operations
[Fri Sep 10 06:37:56.818201 2021] [core:notice] [pid 14] AH00094: Command line: 'apache2 -D FOREGROUND'
[Fri Sep 10 07:56:03.136984 2021] [php7:error] [pid 30] [client 172.18.0.2:58474] script '/var/www/html/public/passwordcheck.php' not found or unable to stat, referer: http://phpdev.localhost/
[Fri Sep 10 08:40:19.172620 2021] [php7:error] [pid 31] [client 172.18.0.2:58682] script '/var/www/html/public/login.php' not found or unable to stat, referer: http://phpdev.localhost/
[Fri Sep 10 09:36:21.617820 2021] [php7:error] [pid 31] [client 172.18.0.2:59048] script '/var/www/html/public/logout.php' not found or unable to stat, referer: http://phpdev.localhost/loggedin.php
AH00558: apache2: Could not reliably determine the server's fully qualified domain name, using 172.19.0.3. Set the 'ServerName' directive globally to suppress this message
AH00558: apache2: Could not reliably determine the server's fully qualified domain name, using 172.19.0.3. Set the 'ServerName' directive globally to suppress this message
PHP Warning:  PHP Startup: Unable to load dynamic library 'apcu.so COPY src/php/php.ini /usr/local/etc/php/php.ini' (tried: apcu.so COPY src/php/php.ini /usr/local/etc/php/php.ini (apcu.so COPY src/php/php.ini /usr/local/etc/php/php.ini: cannot open shared object file: No such file or directory), /usr/local/lib/php/extensions/no-debug-non-zts-20190902/apcu.so COPY src/php/php.ini /usr/local/etc/php/php.ini.so (/usr/local/lib/php/extensions/no-debug-non-zts-20190902/apcu.so COPY src/php/php.ini /usr/local/etc/php/php.ini.so: cannot open shared object file: No such file or directory)) in Unknown on line 0
[Fri Sep 10 11:45:58.740756 2021] [mpm_prefork:notice] [pid 16] AH00163: Apache/2.4.48 (Debian) PHP/7.4.23 configured -- resuming normal operations
[Fri Sep 10 11:45:58.740941 2021] [core:notice] [pid 16] AH00094: Command line: 'apache2 -D FOREGROUND'
AH00558: apache2: Could not reliably determine the server's fully qualified domain name, using 172.20.0.3. Set the 'ServerName' directive globally to suppress this message
AH00558: apache2: Could not reliably determine the server's fully qualified domain name, using 172.20.0.3. Set the 'ServerName' directive globally to suppress this message
PHP Warning:  PHP Startup: Unable to load dynamic library 'apcu.so COPY src/php/php.ini /usr/local/etc/php/php.ini' (tried: apcu.so COPY src/php/php.ini /usr/local/etc/php/php.ini (apcu.so COPY src/php/php.ini /usr/local/etc/php/php.ini: cannot open shared object file: No such file or directory), /usr/local/lib/php/extensions/no-debug-non-zts-20190902/apcu.so COPY src/php/php.ini /usr/local/etc/php/php.ini.so (/usr/local/lib/php/extensions/no-debug-non-zts-20190902/apcu.so COPY src/php/php.ini /usr/local/etc/php/php.ini.so: cannot open shared object file: No such file or directory)) in Unknown on line 0
[Mon Sep 13 06:44:50.683978 2021] [mpm_prefork:notice] [pid 15] AH00163: Apache/2.4.48 (Debian) PHP/7.4.23 configured -- resuming normal operations
[Mon Sep 13 06:44:50.684091 2021] [core:notice] [pid 15] AH00094: Command line: 'apache2 -D FOREGROUND'
AH00558: apache2: Could not reliably determine the server's fully qualified domain name, using 172.19.0.4. Set the 'ServerName' directive globally to suppress this message
AH00558: apache2: Could not reliably determine the server's fully qualified domain name, using 172.19.0.4. Set the 'ServerName' directive globally to suppress this message
PHP Warning:  PHP Startup: Unable to load dynamic library 'apcu.so COPY src/php/php.ini /usr/local/etc/php/php.ini' (tried: apcu.so COPY src/php/php.ini /usr/local/etc/php/php.ini (apcu.so COPY src/php/php.ini /usr/local/etc/php/php.ini: cannot open shared object file: No such file or directory), /usr/local/lib/php/extensions/no-debug-non-zts-20190902/apcu.so COPY src/php/php.ini /usr/local/etc/php/php.ini.so (/usr/local/lib/php/extensions/no-debug-non-zts-20190902/apcu.so COPY src/php/php.ini /usr/local/etc/php/php.ini.so: cannot open shared object file: No such file or directory)) in Unknown on line 0
[Tue Sep 14 06:53:20.454167 2021] [mpm_prefork:notice] [pid 15] AH00163: Apache/2.4.48 (Debian) PHP/7.4.23 configured -- resuming normal operations
[Tue Sep 14 06:53:20.454267 2021] [core:notice] [pid 15] AH00094: Command line: 'apache2 -D FOREGROUND'
AH00558: apache2: Could not reliably determine the server's fully qualified domain name, using 172.20.0.2. Set the 'ServerName' directive globally to suppress this message
AH00558: apache2: Could not reliably determine the server's fully qualified domain name, using 172.20.0.2. Set the 'ServerName' directive globally to suppress this message
PHP Warning:  PHP Startup: Unable to load dynamic library 'apcu.so COPY src/php/php.ini /usr/local/etc/php/php.ini' (tried: apcu.so COPY src/php/php.ini /usr/local/etc/php/php.ini (apcu.so COPY src/php/php.ini /usr/local/etc/php/php.ini: cannot open shared object file: No such file or directory), /usr/local/lib/php/extensions/no-debug-non-zts-20190902/apcu.so COPY src/php/php.ini /usr/local/etc/php/php.ini.so (/usr/local/lib/php/extensions/no-debug-non-zts-20190902/apcu.so COPY src/php/php.ini /usr/local/etc/php/php.ini.so: cannot open shared object file: No such file or directory)) in Unknown on line 0
[Thu Sep 16 07:10:50.059171 2021] [mpm_prefork:notice] [pid 15] AH00163: Apache/2.4.48 (Debian) PHP/7.4.23 configured -- resuming normal operations
[Thu Sep 16 07:10:50.059513 2021] [core:notice] [pid 15] AH00094: Command line: 'apache2 -D FOREGROUND'
AH00558: apache2: Could not reliably determine the server's fully qualified domain name, using 172.22.0.2. Set the 'ServerName' directive globally to suppress this message
AH00558: apache2: Could not reliably determine the server's fully qualified domain name, using 172.22.0.2. Set the 'ServerName' directive globally to suppress this message
PHP Warning:  PHP Startup: Unable to load dynamic library 'apcu.so COPY src/php/php.ini /usr/local/etc/php/php.ini' (tried: apcu.so COPY src/php/php.ini /usr/local/etc/php/php.ini (apcu.so COPY src/php/php.ini /usr/local/etc/php/php.ini: cannot open shared object file: No such file or directory), /usr/local/lib/php/extensions/no-debug-non-zts-20190902/apcu.so COPY src/php/php.ini /usr/local/etc/php/php.ini.so (/usr/local/lib/php/extensions/no-debug-non-zts-20190902/apcu.so COPY src/php/php.ini /usr/local/etc/php/php.ini.so: cannot open shared object file: No such file or directory)) in Unknown on line 0
[Thu Sep 16 07:29:47.262613 2021] [mpm_prefork:notice] [pid 17] AH00163: Apache/2.4.48 (Debian) PHP/7.4.23 configured -- resuming normal operations
[Thu Sep 16 07:29:47.262671 2021] [core:notice] [pid 17] AH00094: Command line: 'apache2 -D FOREGROUND'
[Thu Sep 16 07:30:06.127816 2021] [autoindex:error] [pid 29] [client 172.18.0.2:49238] AH01276: Cannot serve directory /var/www/html/public/: No matching DirectoryIndex (index.php,index.html) found, and server-generated directory index forbidden by Options directive
[Thu Sep 16 08:41:12.118590 2021] [php7:notice] [pid 30] [client 172.18.0.2:51064] 2021-09-16T08:41:12+00:00 [critical] Uncaught Error: syntax error, unexpected 'use' (T_USE)
[Thu Sep 16 08:42:19.584552 2021] [php7:notice] [pid 33] [client 172.18.0.2:51074] 2021-09-16T08:42:19+00:00 [critical] Uncaught Error: syntax error, unexpected 'use' (T_USE)
[Thu Sep 16 10:13:20.140663 2021] [php7:notice] [pid 33] [client 172.18.0.2:51658] 2021-09-16T10:13:20+00:00 [critical] Uncaught Exception: Expected to find class "App\\Controller\\BlogController" in file "/var/www/html/src/Controller/BlogController.php" while importing services from resource "../src/", but it was not found! Check the namespace prefix used with the resource in /var/www/html/src/../config/services.yaml (which is being imported from "/var/www/html/src/Kernel.php").
[Thu Sep 16 10:38:29.297980 2021] [php7:notice] [pid 31] [client 172.18.0.2:51716] 2021-09-16T10:38:29+00:00 [critical] Uncaught Error: syntax error, unexpected '}', expecting ';'
AH00558: apache2: Could not reliably determine the server's fully qualified domain name, using 172.22.0.3. Set the 'ServerName' directive globally to suppress this message
AH00558: apache2: Could not reliably determine the server's fully qualified domain name, using 172.22.0.3. Set the 'ServerName' directive globally to suppress this message
PHP Warning:  PHP Startup: Unable to load dynamic library 'apcu.so COPY src/php/php.ini /usr/local/etc/php/php.ini' (tried: apcu.so COPY src/php/php.ini /usr/local/etc/php/php.ini (apcu.so COPY src/php/php.ini /usr/local/etc/php/php.ini: cannot open shared object file: No such file or directory), /usr/local/lib/php/extensions/no-debug-non-zts-20190902/apcu.so COPY src/php/php.ini /usr/local/etc/php/php.ini.so (/usr/local/lib/php/extensions/no-debug-non-zts-20190902/apcu.so COPY src/php/php.ini /usr/local/etc/php/php.ini.so: cannot open shared object file: No such file or directory)) in Unknown on line 0
[Thu Sep 16 11:46:48.025203 2021] [mpm_prefork:notice] [pid 14] AH00163: Apache/2.4.48 (Debian) PHP/7.4.23 configured -- resuming normal operations
[Thu Sep 16 11:46:48.025567 2021] [core:notice] [pid 14] AH00094: Command line: 'apache2 -D FOREGROUND'
AH00558: apache2: Could not reliably determine the server's fully qualified domain name, using 172.24.0.2. Set the 'ServerName' directive globally to suppress this message
AH00558: apache2: Could not reliably determine the server's fully qualified domain name, using 172.24.0.2. Set the 'ServerName' directive globally to suppress this message
PHP Warning:  PHP Startup: Unable to load dynamic library 'apcu.so COPY src/php/php.ini /usr/local/etc/php/php.ini' (tried: apcu.so COPY src/php/php.ini /usr/local/etc/php/php.ini (apcu.so COPY src/php/php.ini /usr/local/etc/php/php.ini: cannot open shared object file: No such file or directory), /usr/local/lib/php/extensions/no-debug-non-zts-20190902/apcu.so COPY src/php/php.ini /usr/local/etc/php/php.ini.so (/usr/local/lib/php/extensions/no-debug-non-zts-20190902/apcu.so COPY src/php/php.ini /usr/local/etc/php/php.ini.so: cannot open shared object file: No such file or directory)) in Unknown on line 0
[Thu Sep 16 12:11:45.476831 2021] [mpm_prefork:notice] [pid 15] AH00163: Apache/2.4.48 (Debian) PHP/7.4.23 configured -- resuming normal operations
[Thu Sep 16 12:11:45.476877 2021] [core:notice] [pid 15] AH00094: Command line: 'apache2 -D FOREGROUND'
[Thu Sep 16 12:56:44.038889 2021] [php7:notice] [pid 30] [client 172.18.0.4:43964] 2021-09-16T12:56:44+00:00 [critical] Uncaught Exception: Expected to find class "App\\Controller\\UserController" in file "/var/www/html/src/Controller/UserController.php" while importing services from resource "../src/", but it was not found! Check the namespace prefix used with the resource in /var/www/html/src/../config/services.yaml (which is being imported from "/var/www/html/src/Kernel.php").
